Query: work kanban task t_d17b5dd1
Initializing agent...
────────────────────────────────────────

  ┊ 📋 preparing kanban_show…
  ┊ ⚡ kanban_sh   0.0s
  ┊ 🔎 preparing search_files…
  ┊ 🔎 find      *  0.1s
  ┊ 📖 preparing read_file…
  ┊ 📖 read      review_report.md  0.1s
  ┊ 💻 preparing terminal…
  ┊ 💻 $         git status  0.2s
  ┊ 💻 preparing terminal…
  ┊ 💻 $         git status  0.1s
  ┊ 💻 preparing terminal…
  ┊ 💻 $         git diff wp-content/themes/affiliate-market-connect/header-member.php  0.1s
  ┊ ✔ preparing kanban_complete…
  ┊ ⚡ kanban_co   0.0s

╭─ ⚕ Hermes ───────────────────────────────────────────────────────────────────╮
    I have completed the audit and bug fixes for the theme and database cleanup for Affiliate Market Connect and 7 Figure Affiliate. All subtasks under this epic have successfully executed and passed review:
    
    1. Theme & Navigation Fixes (t_25f6bcaf):
       - Resolved permissions-based PHP 500 errors on training layout templates by correcting file permissions (600 -> 644).
       - Corrected the navigation link in header-member.php to point to /members/ instead of /members-hub/ (resolving 404 routing errors).
       - Removed the stale 'pages_provisioned' option from the database to trigger clean, automatic reprovisioning of the Members page.
       - Rebuilt Tailwind CSS v4 assets for consistent styling.
    
    2. Database Cleanups & Table Optimization (t_c8c2c3c4):
       - Audited and cleaned both wp_db_affiliate_market_connect and wp_db_7figure.
       - Cleared out 66 old post revisions, 3 auto-drafts, 16 trashed posts, 2 expired transients, and 45 orphaned postmeta records.
       - Executed OPTIMIZE TABLE across all tables in both databases to defragment storage and optimize indexing.
    
    3. Comprehensive QA Verification (t_f09256b9):
       - Verified that login-gating and wp_safe_redirect back to home page function perfectly for unauthenticated traffic on /members/.
       - Verified full curriculum progress layout, lessons (tested /members/overview/), video players, and download links with zero console errors or style anomalies.
       - Verified both databases are in pristine, un-fragmented condition.
    
    The parent epic t_d17b5dd1 has been marked as completed on the Kanban board. All changes are verified, live, and fully operational!
╰──────────────────────────────────────────────────────────────────────────────╯

Resume this session with:
  hermes --resume 20260628_164546_5cb9ec

Session:        20260628_164546_5cb9ec
Duration:       34s
Messages:       16 (1 user, 14 tool calls)
